<?xml version="1.0" encoding="UTF-8" ?>
<testsuites>
  <testsuite errors="0" failures="0" hostname="XPS13-BTAN" id="0" name="Base64EncoderTest" package="com.yedibit.test" skipped="0" tests="1" time="0.068" timestamp="2017-08-10T13:54:42">
      <properties>
[...]
</properties>

      <testcase classname="com.yedibit.test.Base64EncoderTest" name="test" time="0.016" />

      <system-out><![CDATA[]]></system-out>

      <system-err><![CDATA[]]></system-err>

  </testsuite>
  <testsuite errors="0" failures="1" hostname="XPS13-BTAN" id="1" name="CompressorTest" package="com.yedibit.test" skipped="0" tests="2" time="0.1" timestamp="2017-08-10T13:54:42">
      <properties>
[...]
</properties>

      <testcase classname="com.yedibit.test.CompressorTest" name="testDecompression" time="0.007">
          <failure message="expected:&lt;[Hello World]&gt; but was:&lt;[]&gt;" type="junit.framework.AssertionFailedError">junit.framework.AssertionFailedError: expected:&lt;[Hello World]&gt; but was:&lt;[]&gt;
	at com.yedibit.test.CompressorTest.testDecompression(CompressorTest.java:35)
</failure>

      </testcase>

      <testcase classname="com.yedibit.test.CompressorTest" name="testCompression" time="0.0" />

      <system-out><![CDATA[]]></system-out>

      <system-err><![CDATA[]]></system-err>

  </testsuite>
  <testsuite errors="0" failures="2" hostname="XPS13-BTAN" id="2" name="MultiTest" package="com.yedibit.test" skipped="0" tests="5" time="0.085" timestamp="2017-08-10T13:54:43">
      <properties>
[...]
</properties>

      <testcase classname="com.yedibit.test.MultiTest" name="mytestmethod[0]" time="0.001" />

      <testcase classname="com.yedibit.test.MultiTest" name="mytestmethod[1]" time="0.0" />

      <testcase classname="com.yedibit.test.MultiTest" name="mytestmethod[2]" time="0.004">
          <failure message="expected:&lt;true&gt; but was:&lt;false&gt;" type="junit.framework.AssertionFailedError">junit.framework.AssertionFailedError: expected:&lt;true&gt; but was:&lt;false&gt;
	at com.yedibit.test.MultiTest.mytestmethod(MultiTest.java:41)
</failure>

      </testcase>

      <testcase classname="com.yedibit.test.MultiTest" name="mytestmethod[3]" time="0.0" />

      <testcase classname="com.yedibit.test.MultiTest" name="mytestmethod[4]" time="0.0">
          <failure message="expected:&lt;true&gt; but was:&lt;false&gt;" type="junit.framework.AssertionFailedError">junit.framework.AssertionFailedError: expected:&lt;true&gt; but was:&lt;false&gt;
	at com.yedibit.test.MultiTest.mytestmethod(MultiTest.java:41)
</failure>

      </testcase>

      <system-out><![CDATA[sdfsdf
Parameterized Number is : 2
sdfsdf
Parameterized Number is : 6
sdfsdf
Parameterized Number is : 19
sdfsdf
Parameterized Number is : 22
sdfsdf
Parameterized Number is : 23
]]></system-out>

      <system-err><![CDATA[]]></system-err>

  </testsuite>
</testsuites>
